0 info it worked if it ends with ok
1 verbose cli [ '/usr/local/bin/node',
1 verbose cli   '/usr/local/bin/npm',
1 verbose cli   'install',
1 verbose cli   'printer' ]
2 info using npm@3.10.10
3 info using node@v6.11.5
4 silly loadCurrentTree Starting
5 silly install loadCurrentTree
6 silly install readLocalPackageData
7 silly fetchPackageMetaData printer
8 silly fetchNamedPackageData printer
9 silly mapToRegistry name printer
10 silly mapToRegistry using default registry
11 silly mapToRegistry registry https://registry.npmjs.org/
12 silly mapToRegistry data Result {
12 silly mapToRegistry   raw: 'printer',
12 silly mapToRegistry   scope: null,
12 silly mapToRegistry   escapedName: 'printer',
12 silly mapToRegistry   name: 'printer',
12 silly mapToRegistry   rawSpec: '',
12 silly mapToRegistry   spec: 'latest',
12 silly mapToRegistry   type: 'tag' }
13 silly mapToRegistry uri https://registry.npmjs.org/printer
14 verbose request uri https://registry.npmjs.org/printer
15 verbose request no auth needed
16 info attempt registry request try #1 at 21:36:01
17 verbose request id ab63839ccfbdb63b
18 http request GET https://registry.npmjs.org/printer
19 http 200 https://registry.npmjs.org/printer
20 verbose headers { date: 'Thu, 30 May 2019 19:36:02 GMT',
20 verbose headers   'content-type': 'application/json; charset=UTF-8',
20 verbose headers   'transfer-encoding': 'chunked',
20 verbose headers   connection: 'keep-alive',
20 verbose headers   'set-cookie': [ '__cfduid=db730a230d7d049a2c562cff53be003821559244961; expires=Fri, 29-May-20 19:36:01 GMT; path=/; domain=.registry.npmjs.org; HttpOnly' ],
20 verbose headers   'cf-cache-status': 'MISS',
20 verbose headers   'cache-control': 'max-age=300',
20 verbose headers   'cf-ray': '4df327912d56cc46-ZRH',
20 verbose headers   etag: 'W/"67431ae3af12547fc46673420404836b"',
20 verbose headers   'expect-ct': 'max-age=604800, report-uri="https://report-uri.cloudflare.com/cdn-cgi/beacon/expect-ct"',
20 verbose headers   'last-modified': 'Sun, 27 May 2018 12:54:15 GMT',
20 verbose headers   vary: 'accept-encoding, accept',
20 verbose headers   server: 'cloudflare',
20 verbose headers   'content-encoding': 'gzip' }
21 silly get cb [ 200,
21 silly get   { date: 'Thu, 30 May 2019 19:36:02 GMT',
21 silly get     'content-type': 'application/json; charset=UTF-8',
21 silly get     'transfer-encoding': 'chunked',
21 silly get     connection: 'keep-alive',
21 silly get     'set-cookie': [ '__cfduid=db730a230d7d049a2c562cff53be003821559244961; expires=Fri, 29-May-20 19:36:01 GMT; path=/; domain=.registry.npmjs.org; HttpOnly' ],
21 silly get     'cf-cache-status': 'MISS',
21 silly get     'cache-control': 'max-age=300',
21 silly get     'cf-ray': '4df327912d56cc46-ZRH',
21 silly get     etag: 'W/"67431ae3af12547fc46673420404836b"',
21 silly get     'expect-ct': 'max-age=604800, report-uri="https://report-uri.cloudflare.com/cdn-cgi/beacon/expect-ct"',
21 silly get     'last-modified': 'Sun, 27 May 2018 12:54:15 GMT',
21 silly get     vary: 'accept-encoding, accept',
21 silly get     server: 'cloudflare',
21 silly get     'content-encoding': 'gzip' } ]
22 verbose get saving printer to /Users/loerih/.npm/registry.npmjs.org/printer/.cache.json
23 verbose correctMkdir /Users/loerih/.npm correctMkdir not in flight; initializing
24 silly install normalizeTree
25 silly loadCurrentTree Finishing
26 silly loadIdealTree Starting
27 silly install loadIdealTree
28 silly cloneCurrentTree Starting
29 silly install cloneCurrentTreeToIdealTree
30 silly cloneCurrentTree Finishing
31 silly loadShrinkwrap Starting
32 silly install loadShrinkwrap
33 silly loadShrinkwrap Finishing
34 silly loadAllDepsIntoIdealTree Starting
35 silly install loadAllDepsIntoIdealTree
36 silly resolveWithNewModule printer@0.2.2 checking installable status
37 silly cache add args [ 'printer', null ]
38 verbose cache add spec printer
39 silly cache add parsed spec Result {
39 silly cache add   raw: 'printer',
39 silly cache add   scope: null,
39 silly cache add   escapedName: 'printer',
39 silly cache add   name: 'printer',
39 silly cache add   rawSpec: '',
39 silly cache add   spec: 'latest',
39 silly cache add   type: 'tag' }
40 silly addNamed printer@latest
41 verbose addNamed "latest" is being treated as a dist-tag for printer
42 info addNameTag [ 'printer', 'latest' ]
43 silly mapToRegistry name printer
44 silly mapToRegistry using default registry
45 silly mapToRegistry registry https://registry.npmjs.org/
46 silly mapToRegistry data Result {
46 silly mapToRegistry   raw: 'printer',
46 silly mapToRegistry   scope: null,
46 silly mapToRegistry   escapedName: 'printer',
46 silly mapToRegistry   name: 'printer',
46 silly mapToRegistry   rawSpec: '',
46 silly mapToRegistry   spec: 'latest',
46 silly mapToRegistry   type: 'tag' }
47 silly mapToRegistry uri https://registry.npmjs.org/printer
48 verbose addNameTag registry:https://registry.npmjs.org/printer not in flight; fetching
49 verbose get https://registry.npmjs.org/printer not expired, no request
50 silly addNameTag next cb for printer with tag latest
51 silly addNamed printer@0.2.2
52 verbose addNamed "0.2.2" is a plain semver version for printer
53 silly mapToRegistry name printer
54 silly mapToRegistry using default registry
55 silly mapToRegistry registry https://registry.npmjs.org/
56 silly mapToRegistry data Result {
56 silly mapToRegistry   raw: 'printer',
56 silly mapToRegistry   scope: null,
56 silly mapToRegistry   escapedName: 'printer',
56 silly mapToRegistry   name: 'printer',
56 silly mapToRegistry   rawSpec: '',
56 silly mapToRegistry   spec: 'latest',
56 silly mapToRegistry   type: 'tag' }
57 silly mapToRegistry uri https://registry.npmjs.org/printer
58 verbose addRemoteTarball https://registry.npmjs.org/printer/-/printer-0.2.2.tgz not in flight; adding
59 verbose addRemoteTarball [ 'https://registry.npmjs.org/printer/-/printer-0.2.2.tgz',
59 verbose addRemoteTarball   '830b8f5c97b97fd9b464d4f4e105d43337792296' ]
60 info retry fetch attempt 1 at 21:36:02
61 info attempt registry request try #1 at 21:36:02
62 http fetch GET https://registry.npmjs.org/printer/-/printer-0.2.2.tgz
63 http fetch 200 https://registry.npmjs.org/printer/-/printer-0.2.2.tgz
64 silly fetchAndShaCheck shasum 830b8f5c97b97fd9b464d4f4e105d43337792296
65 verbose addTmpTarball /var/folders/99/j6n4x699653g02sl5_wrdlsm0000gp/T/npm-826-1b4aa2bb/registry.npmjs.org/printer/-/printer-0.2.2.tgz not in flight; adding
66 verbose addTmpTarball already have metadata; skipping unpack for printer@0.2.2
67 verbose correctMkdir /Users/loerih/.npm correctMkdir not in flight; initializing
68 silly cache afterAdd printer@0.2.2
69 verbose afterAdd /Users/loerih/.npm/printer/0.2.2/package/package.json not in flight; writing
70 verbose correctMkdir /Users/loerih/.npm correctMkdir not in flight; initializing
71 verbose afterAdd /Users/loerih/.npm/printer/0.2.2/package/package.json written
72 silly loadAllDepsIntoIdealTree Finishing
73 silly loadIdealTree Finishing
74 silly currentTree ba@1.0.0
74 silly currentTree ├── accepts@1.3.7
74 silly currentTree ├── after@0.8.2
74 silly currentTree ├── append-field@1.0.0
74 silly currentTree ├── array-flatten@1.1.1
74 silly currentTree ├── arraybuffer.slice@0.0.7
74 silly currentTree ├── async-limiter@1.0.0
74 silly currentTree ├── backo2@1.0.2
74 silly currentTree ├── base64-arraybuffer@0.1.5
74 silly currentTree ├── base64id@1.0.0
74 silly currentTree ├── better-assert@1.0.2
74 silly currentTree ├── blob@0.0.5
74 silly currentTree ├─┬ body-parser@1.19.0
74 silly currentTree │ ├── debug@2.6.9
74 silly currentTree │ └── ms@2.0.0
74 silly currentTree ├── buffer-from@1.1.1
74 silly currentTree ├── busboy@0.2.14
74 silly currentTree ├── bytes@3.1.0
74 silly currentTree ├── callsite@1.0.0
74 silly currentTree ├── component-bind@1.0.0
74 silly currentTree ├── component-emitter@1.2.1
74 silly currentTree ├── component-inherit@0.0.3
74 silly currentTree ├─┬ concat-stream@1.6.2
74 silly currentTree │ ├── isarray@1.0.0
74 silly currentTree │ ├── readable-stream@2.3.6
74 silly currentTree │ └── string_decoder@1.1.1
74 silly currentTree ├── content-disposition@0.5.3
74 silly currentTree ├── content-type@1.0.4
74 silly currentTree ├── cookie-signature@1.0.6
74 silly currentTree ├── cookie@0.3.1
74 silly currentTree ├── core-util-is@1.0.2
74 silly currentTree ├── debug@4.1.1
74 silly currentTree ├── depd@1.1.2
74 silly currentTree ├── destroy@1.0.4
74 silly currentTree ├── dicer@0.2.5
74 silly currentTree ├── ee-first@1.1.1
74 silly currentTree ├── encodeurl@1.0.2
74 silly currentTree ├─┬ engine.io-client@3.3.2
74 silly currentTree │ ├── debug@3.1.0
74 silly currentTree │ └── ms@2.0.0
74 silly currentTree ├── engine.io-parser@2.1.3
74 silly currentTree ├─┬ engine.io@3.3.2
74 silly currentTree │ ├── debug@3.1.0
74 silly currentTree │ └── ms@2.0.0
74 silly currentTree ├── escape-html@1.0.3
74 silly currentTree ├── etag@1.8.1
74 silly currentTree ├─┬ express@4.17.1
74 silly currentTree │ ├── cookie@0.4.0
74 silly currentTree │ ├── debug@2.6.9
74 silly currentTree │ └── ms@2.0.0
74 silly currentTree ├─┬ finalhandler@1.1.2
74 silly currentTree │ ├── debug@2.6.9
74 silly currentTree │ └── ms@2.0.0
74 silly currentTree ├── forwarded@0.1.2
74 silly currentTree ├── fresh@0.5.2
74 silly currentTree ├── has-binary2@1.0.3
74 silly currentTree ├── has-cors@1.1.0
74 silly currentTree ├── http-errors@1.7.2
74 silly currentTree ├── iconv-lite@0.4.24
74 silly currentTree ├── indexof@0.0.1
74 silly currentTree ├── inherits@2.0.3
74 silly currentTree ├── ipaddr.js@1.9.0
74 silly currentTree ├── isarray@2.0.1
74 silly currentTree ├── media-typer@0.3.0
74 silly currentTree ├── merge-descriptors@1.0.1
74 silly currentTree ├── methods@1.1.2
74 silly currentTree ├── mime-db@1.40.0
74 silly currentTree ├── mime-types@2.1.24
74 silly currentTree ├── mime@1.6.0
74 silly currentTree ├── minimist@0.0.8
74 silly currentTree ├── mkdirp@0.5.1
74 silly currentTree ├── ms@2.1.1
74 silly currentTree ├── multer@1.4.1
74 silly currentTree ├── negotiator@0.6.2
74 silly currentTree ├── object-assign@4.1.1
74 silly currentTree ├── object-component@0.0.3
74 silly currentTree ├── on-finished@2.3.0
74 silly currentTree ├── parseqs@0.0.5
74 silly currentTree ├── parseuri@0.0.5
74 silly currentTree ├── parseurl@1.3.3
74 silly currentTree ├── path-to-regexp@0.1.7
74 silly currentTree ├── process-nextick-args@2.0.0
74 silly currentTree ├── proxy-addr@2.0.5
74 silly currentTree ├── qs@6.7.0
74 silly currentTree ├── range-parser@1.2.1
74 silly currentTree ├── raw-body@2.4.0
74 silly currentTree ├─┬ readable-stream@1.1.14
74 silly currentTree │ └── isarray@0.0.1
74 silly currentTree ├── safe-buffer@5.1.2
74 silly currentTree ├── safer-buffer@2.1.2
74 silly currentTree ├─┬ send@0.17.1
74 silly currentTree │ └─┬ debug@2.6.9
74 silly currentTree │   └── ms@2.0.0
74 silly currentTree ├── serve-static@1.14.1
74 silly currentTree ├── setprototypeof@1.1.1
74 silly currentTree ├── socket.io-adapter@1.1.1
74 silly currentTree ├─┬ socket.io-client@2.2.0
74 silly currentTree │ ├── debug@3.1.0
74 silly currentTree │ └── ms@2.0.0
74 silly currentTree ├─┬ socket.io-parser@3.3.0
74 silly currentTree │ ├── debug@3.1.0
74 silly currentTree │ └── ms@2.0.0
74 silly currentTree ├── socket.io@2.2.0
74 silly currentTree ├── statuses@1.5.0
74 silly currentTree ├── streamsearch@0.1.2
74 silly currentTree ├── string_decoder@0.10.31
74 silly currentTree ├── to-array@0.1.4
74 silly currentTree ├── toidentifier@1.0.0
74 silly currentTree ├── type-is@1.6.18
74 silly currentTree ├── typedarray@0.0.6
74 silly currentTree ├── unpipe@1.0.0
74 silly currentTree ├── util-deprecate@1.0.2
74 silly currentTree ├── utils-merge@1.0.1
74 silly currentTree ├── vary@1.1.2
74 silly currentTree ├── ws@6.1.4
74 silly currentTree ├── xmlhttprequest-ssl@1.5.5
74 silly currentTree ├── xtend@4.0.1
74 silly currentTree └── yeast@0.1.2
75 silly idealTree ba@1.0.0
75 silly idealTree ├── accepts@1.3.7
75 silly idealTree ├── after@0.8.2
75 silly idealTree ├── append-field@1.0.0
75 silly idealTree ├── array-flatten@1.1.1
75 silly idealTree ├── arraybuffer.slice@0.0.7
75 silly idealTree ├── async-limiter@1.0.0
75 silly idealTree ├── backo2@1.0.2
75 silly idealTree ├── base64-arraybuffer@0.1.5
75 silly idealTree ├── base64id@1.0.0
75 silly idealTree ├── better-assert@1.0.2
75 silly idealTree ├── blob@0.0.5
75 silly idealTree ├─┬ body-parser@1.19.0
75 silly idealTree │ ├── debug@2.6.9
75 silly idealTree │ └── ms@2.0.0
75 silly idealTree ├── buffer-from@1.1.1
75 silly idealTree ├── busboy@0.2.14
75 silly idealTree ├── bytes@3.1.0
75 silly idealTree ├── callsite@1.0.0
75 silly idealTree ├── component-bind@1.0.0
75 silly idealTree ├── component-emitter@1.2.1
75 silly idealTree ├── component-inherit@0.0.3
75 silly idealTree ├─┬ concat-stream@1.6.2
75 silly idealTree │ ├── isarray@1.0.0
75 silly idealTree │ ├── readable-stream@2.3.6
75 silly idealTree │ └── string_decoder@1.1.1
75 silly idealTree ├── content-disposition@0.5.3
75 silly idealTree ├── content-type@1.0.4
75 silly idealTree ├── cookie-signature@1.0.6
75 silly idealTree ├── cookie@0.3.1
75 silly idealTree ├── core-util-is@1.0.2
75 silly idealTree ├── debug@4.1.1
75 silly idealTree ├── depd@1.1.2
75 silly idealTree ├── destroy@1.0.4
75 silly idealTree ├── dicer@0.2.5
75 silly idealTree ├── ee-first@1.1.1
75 silly idealTree ├── encodeurl@1.0.2
75 silly idealTree ├─┬ engine.io-client@3.3.2
75 silly idealTree │ ├── debug@3.1.0
75 silly idealTree │ └── ms@2.0.0
75 silly idealTree ├── engine.io-parser@2.1.3
75 silly idealTree ├─┬ engine.io@3.3.2
75 silly idealTree │ ├── debug@3.1.0
75 silly idealTree │ └── ms@2.0.0
75 silly idealTree ├── escape-html@1.0.3
75 silly idealTree ├── etag@1.8.1
75 silly idealTree ├─┬ express@4.17.1
75 silly idealTree │ ├── cookie@0.4.0
75 silly idealTree │ ├── debug@2.6.9
75 silly idealTree │ └── ms@2.0.0
75 silly idealTree ├─┬ finalhandler@1.1.2
75 silly idealTree │ ├── debug@2.6.9
75 silly idealTree │ └── ms@2.0.0
75 silly idealTree ├── forwarded@0.1.2
75 silly idealTree ├── fresh@0.5.2
75 silly idealTree ├── has-binary2@1.0.3
75 silly idealTree ├── has-cors@1.1.0
75 silly idealTree ├── http-errors@1.7.2
75 silly idealTree ├── iconv-lite@0.4.24
75 silly idealTree ├── indexof@0.0.1
75 silly idealTree ├── inherits@2.0.3
75 silly idealTree ├── ipaddr.js@1.9.0
75 silly idealTree ├── isarray@2.0.1
75 silly idealTree ├── media-typer@0.3.0
75 silly idealTree ├── merge-descriptors@1.0.1
75 silly idealTree ├── methods@1.1.2
75 silly idealTree ├── mime-db@1.40.0
75 silly idealTree ├── mime-types@2.1.24
75 silly idealTree ├── mime@1.6.0
75 silly idealTree ├── minimist@0.0.8
75 silly idealTree ├── mkdirp@0.5.1
75 silly idealTree ├── ms@2.1.1
75 silly idealTree ├── multer@1.4.1
75 silly idealTree ├── negotiator@0.6.2
75 silly idealTree ├── object-assign@4.1.1
75 silly idealTree ├── object-component@0.0.3
75 silly idealTree ├── on-finished@2.3.0
75 silly idealTree ├── parseqs@0.0.5
75 silly idealTree ├── parseuri@0.0.5
75 silly idealTree ├── parseurl@1.3.3
75 silly idealTree ├── path-to-regexp@0.1.7
75 silly idealTree ├── printer@0.2.2
75 silly idealTree ├── process-nextick-args@2.0.0
75 silly idealTree ├── proxy-addr@2.0.5
75 silly idealTree ├── qs@6.7.0
75 silly idealTree ├── range-parser@1.2.1
75 silly idealTree ├── raw-body@2.4.0
75 silly idealTree ├─┬ readable-stream@1.1.14
75 silly idealTree │ └── isarray@0.0.1
75 silly idealTree ├── safe-buffer@5.1.2
75 silly idealTree ├── safer-buffer@2.1.2
75 silly idealTree ├─┬ send@0.17.1
75 silly idealTree │ └─┬ debug@2.6.9
75 silly idealTree │   └── ms@2.0.0
75 silly idealTree ├── serve-static@1.14.1
75 silly idealTree ├── setprototypeof@1.1.1
75 silly idealTree ├── socket.io-adapter@1.1.1
75 silly idealTree ├─┬ socket.io-client@2.2.0
75 silly idealTree │ ├── debug@3.1.0
75 silly idealTree │ └── ms@2.0.0
75 silly idealTree ├─┬ socket.io-parser@3.3.0
75 silly idealTree │ ├── debug@3.1.0
75 silly idealTree │ └── ms@2.0.0
75 silly idealTree ├── socket.io@2.2.0
75 silly idealTree ├── statuses@1.5.0
75 silly idealTree ├── streamsearch@0.1.2
75 silly idealTree ├── string_decoder@0.10.31
75 silly idealTree ├── to-array@0.1.4
75 silly idealTree ├── toidentifier@1.0.0
75 silly idealTree ├── type-is@1.6.18
75 silly idealTree ├── typedarray@0.0.6
75 silly idealTree ├── unpipe@1.0.0
75 silly idealTree ├── util-deprecate@1.0.2
75 silly idealTree ├── utils-merge@1.0.1
75 silly idealTree ├── vary@1.1.2
75 silly idealTree ├── ws@6.1.4
75 silly idealTree ├── xmlhttprequest-ssl@1.5.5
75 silly idealTree ├── xtend@4.0.1
75 silly idealTree └── yeast@0.1.2
76 silly generateActionsToTake Starting
77 silly install generateActionsToTake
78 silly generateActionsToTake Finishing
79 silly diffTrees action count 1
80 silly diffTrees add printer@0.2.2
81 silly decomposeActions action count 8
82 silly decomposeActions fetch printer@0.2.2
83 silly decomposeActions extract printer@0.2.2
84 silly decomposeActions test printer@0.2.2
85 silly decomposeActions preinstall printer@0.2.2
86 silly decomposeActions build printer@0.2.2
87 silly decomposeActions install printer@0.2.2
88 silly decomposeActions postinstall printer@0.2.2
89 silly decomposeActions finalize printer@0.2.2
90 silly runTopLevelLifecycles Starting
91 silly executeActions Starting
92 silly install executeActions
93 silly doSerial global-install 0
94 silly doParallel fetch 1
95 verbose correctMkdir /Users/loerih/.npm/_locks correctMkdir not in flight; initializing
96 verbose lock using /Users/loerih/.npm/_locks/staging-92c3c6a33e8c6189.lock for /Users/loerih/Desktop/Studium/06_Semester/00_Bachelorarbeit/04_code/BA/node_modules/.staging
97 silly doParallel extract 1
98 silly extract printer@0.2.2
99 verbose unbuild node_modules/.staging/printer-9744c307
100 silly gentlyRm /Users/loerih/Desktop/Studium/06_Semester/00_Bachelorarbeit/04_code/BA/node_modules/.staging/printer-9744c307 is being purged from base /Users/loerih/Desktop/Studium/06_Semester/00_Bachelorarbeit/04_code/BA
101 verbose gentlyRm don't care about contents; nuking /Users/loerih/Desktop/Studium/06_Semester/00_Bachelorarbeit/04_code/BA/node_modules/.staging/printer-9744c307
102 verbose tar unpack /Users/loerih/.npm/printer/0.2.2/package.tgz
103 verbose tar unpacking to /Users/loerih/Desktop/Studium/06_Semester/00_Bachelorarbeit/04_code/BA/node_modules/.staging/printer-9744c307
104 silly gentlyRm /Users/loerih/Desktop/Studium/06_Semester/00_Bachelorarbeit/04_code/BA/node_modules/.staging/printer-9744c307 is being purged
105 verbose gentlyRm don't care about contents; nuking /Users/loerih/Desktop/Studium/06_Semester/00_Bachelorarbeit/04_code/BA/node_modules/.staging/printer-9744c307
106 silly gunzTarPerm modes [ '755', '644' ]
107 silly gunzTarPerm extractEntry package.json
108 silly gunzTarPerm extractEntry .npmignore
109 silly gunzTarPerm extractEntry README.md
110 silly gunzTarPerm extractEntry Gruntfile.js
111 silly gunzTarPerm extractEntry printer.js
112 silly gunzTarPerm extractEntry build/Makefile
113 silly gunzTarPerm extractEntry build/Release/.deps/Release/node_printer.node.d
114 silly gunzTarPerm extractEntry build/Release/.deps/Release/obj.target/node_printer/src/node_printer.o.d
115 silly gunzTarPerm extractEntry build/Release/.deps/Release/obj.target/node_printer/src/node_printer_posix.o.d
116 silly gunzTarPerm extractEntry build/Release/.deps/Release/obj.target/node_printer.node.d
117 silly gunzTarPerm extractEntry build/Release/linker.lock
118 silly gunzTarPerm extractEntry build/Release/node_printer.node
119 silly gunzTarPerm extractEntry build/Release/obj.target/node_printer/src/node_printer.o
120 silly gunzTarPerm extractEntry build/Release/obj.target/node_printer/src/node_printer_posix.o
121 silly gunzTarPerm extractEntry build/Release/obj.target/node_printer.node
122 silly gunzTarPerm extractEntry build/binding.Makefile
123 silly gunzTarPerm extractEntry build/node_printer.target.mk
124 silly gunzTarPerm extractEntry appveyor.yml
125 silly gunzTarPerm extractEntry binding.gyp
126 silly gunzTarPerm extractEntry ChangeLog
127 silly gunzTarPerm extractEntry examples/cancelJob.js
128 silly gunzTarPerm extractEntry examples/getDefaultPrinterName.js
129 silly gunzTarPerm extractEntry examples/getPrinterDriverOptions.js
130 silly gunzTarPerm extractEntry examples/getPrinters.js
131 silly gunzTarPerm extractEntry examples/getSupportedFormats.js
132 silly gunzTarPerm extractEntry examples/example_zebra_printer.js
133 silly gunzTarPerm extractEntry examples/printFile.js
134 silly gunzTarPerm extractEntry examples/printPDFFileInBuffer.js
135 silly gunzTarPerm extractEntry examples/printPDFInWindows.js
136 silly gunzTarPerm extractEntry examples/print_raw.js
137 silly gunzTarPerm extractEntry examples/getSupportedJobCommands.js
138 silly gunzTarPerm extractEntry examples/test.pdf
139 silly gunzTarPerm extractEntry lib/index.js
140 silly gunzTarPerm extractEntry lib/printer.js
141 silly gunzTarPerm extractEntry src/macros.hh
142 silly gunzTarPerm extractEntry src/node_printer.cc
143 silly gunzTarPerm extractEntry src/node_printer.hpp
144 silly gunzTarPerm extractEntry src/node_printer_posix.cc
145 silly gunzTarPerm extractEntry src/node_printer_win.cc
146 silly gunzTarPerm extractEntry .travis.yml
147 silly gunzTarPerm extractEntry tools/getSourceFiles.py
148 silly gentlyRm /Users/loerih/Desktop/Studium/06_Semester/00_Bachelorarbeit/04_code/BA/node_modules/.staging/printer-9744c307/node_modules is being purged
149 verbose gentlyRm don't care about contents; nuking /Users/loerih/Desktop/Studium/06_Semester/00_Bachelorarbeit/04_code/BA/node_modules/.staging/printer-9744c307/node_modules
150 silly doParallel preinstall 1
151 silly preinstall printer@0.2.2 /Users/loerih/Desktop/Studium/06_Semester/00_Bachelorarbeit/04_code/BA/node_modules/.staging/printer-9744c307
152 info lifecycle printer@0.2.2~preinstall: printer@0.2.2
153 silly lifecycle printer@0.2.2~preinstall: no script for preinstall, continuing
154 silly doReverseSerial remove 0
155 silly doSerial move 0
156 silly doSerial finalize 1
157 silly finalize /Users/loerih/Desktop/Studium/06_Semester/00_Bachelorarbeit/04_code/BA/node_modules/printer
158 silly doSerial build 1
159 silly build printer@0.2.2
160 info linkStuff printer@0.2.2
161 silly linkStuff printer@0.2.2 has /Users/loerih/Desktop/Studium/06_Semester/00_Bachelorarbeit/04_code/BA/node_modules as its parent node_modules
162 verbose linkBins printer@0.2.2
163 verbose linkMans printer@0.2.2
164 silly doSerial global-link 0
165 silly doParallel update-linked 0
166 silly doSerial install 1
167 silly install printer@0.2.2 /Users/loerih/Desktop/Studium/06_Semester/00_Bachelorarbeit/04_code/BA/node_modules/.staging/printer-9744c307
168 info lifecycle printer@0.2.2~install: printer@0.2.2
169 verbose lifecycle printer@0.2.2~install: unsafe-perm in lifecycle true
170 verbose lifecycle printer@0.2.2~install: PATH: /usr/local/lib/node_modules/npm/bin/node-gyp-bin:/Users/loerih/Desktop/Studium/06_Semester/00_Bachelorarbeit/04_code/BA/node_modules/printer/node_modules/.bin:/Users/loerih/Desktop/Studium/06_Semester/00_Bachelorarbeit/04_code/BA/node_modules/.bin:/usr/local/bin:/usr/bin:/bin:/usr/sbin:/sbin
171 verbose lifecycle printer@0.2.2~install: CWD: /Users/loerih/Desktop/Studium/06_Semester/00_Bachelorarbeit/04_code/BA/node_modules/printer
172 silly lifecycle printer@0.2.2~install: Args: [ '-c', 'node-gyp rebuild' ]
173 silly lifecycle printer@0.2.2~install: Returned: code: 1  signal: null
174 info lifecycle printer@0.2.2~install: Failed to exec install script
175 verbose unlock done using /Users/loerih/.npm/_locks/staging-92c3c6a33e8c6189.lock for /Users/loerih/Desktop/Studium/06_Semester/00_Bachelorarbeit/04_code/BA/node_modules/.staging
176 silly rollbackFailedOptional Starting
177 silly rollbackFailedOptional Finishing
178 silly runTopLevelLifecycles Finishing
179 silly install printInstalled
180 warn ba@1.0.0 scripts['server'] should probably be scripts['start'].
181 verbose If you need help, you may report this error at:
181 verbose     <https://github.com/npm/npm/issues>
182 verbose stack Error: printer@0.2.2 install: `node-gyp rebuild`
182 verbose stack Exit status 1
182 verbose stack     at EventEmitter.<anonymous> (/usr/local/lib/node_modules/npm/lib/utils/lifecycle.js:255:16)
182 verbose stack     at emitTwo (events.js:106:13)
182 verbose stack     at EventEmitter.emit (events.js:191:7)
182 verbose stack     at ChildProcess.<anonymous> (/usr/local/lib/node_modules/npm/lib/utils/spawn.js:40:14)
182 verbose stack     at emitTwo (events.js:106:13)
182 verbose stack     at ChildProcess.emit (events.js:191:7)
182 verbose stack     at maybeClose (internal/child_process.js:920:16)
182 verbose stack     at Process.ChildProcess._handle.onexit (internal/child_process.js:230:5)
183 verbose pkgid printer@0.2.2
184 verbose cwd /Users/loerih/Desktop/Studium/06_Semester/00_Bachelorarbeit/04_code/BA
185 error Darwin 18.5.0
186 error argv "/usr/local/bin/node" "/usr/local/bin/npm" "install" "printer"
187 error node v6.11.5
188 error npm  v3.10.10
189 error code ELIFECYCLE
190 error printer@0.2.2 install: `node-gyp rebuild`
190 error Exit status 1
191 error Failed at the printer@0.2.2 install script 'node-gyp rebuild'.
191 error Make sure you have the latest version of node.js and npm installed.
191 error If you do, this is most likely a problem with the printer package,
191 error not with npm itself.
191 error Tell the author that this fails on your system:
191 error     node-gyp rebuild
191 error You can get information on how to open an issue for this project with:
191 error     npm bugs printer
191 error Or if that isn't available, you can get their info via:
191 error     npm owner ls printer
191 error There is likely additional logging output above.
192 verbose exit [ 1, true ]
